A = 341523
R = 0.509158
b92 266 731
b91 275 539 R
b90 95 502
b89 113 145
b88 304 246
b87 0 503
b84 304 731 R
b83 66 151 R
b79 113 104
b78 211 389
b77 19 276 R
b99 0 708 R
b76 211 160
b94 211 292 R
b75 149 76
b85 19 92
b74 304 91
b72 126 402
b81 0 660 R
b70 19 368 R
b97 266 714 R
b68 195 421
b67 183 0
b66 113 172 R
b63 113 51
b62 247 634 R
b64 39 173
b60 366 445
b61 304 45
b28 266 634
b5 248 595 R
b100 39 627
b27 0 757 R
b18 113 0
b55 37 220
b24 372 468
b57 19 117
b71 66 0 R
b19 141 306 R
b29 56 410
b45 304 68 R
b48 277 186 R
b15 319 352 R
b14 277 309
b13 50 660 R
b10 304 133
b21 191 484 R
b4 113 239
b7 66 129 R
b8 350 41
b32 61 342
b3 142 239
b35 19 472 R
b26 308 539
b25 333 605 R
b22 352 411
b86 211 333 R
b1 174 76 R
b47 76 258
b20 19 410
b73 39 560
b2 266 680
b98 211 98
b17 211 248 R
b96 263 70
b95 0 27 R
b9 348 0
b46 161 0 R
b80 263 0 R
b42 290 419
b11 277 270 R
b52 66 765 R
b69 0 0
b37 270 419
b34 263 16
b82 247 747 R
b36 80 463 R
b23 305 490
b6 66 708 R
b33 211 76 R
b38 84 708
b39 211 193
b40 303 16
b65 39 503 R
b41 248 517
b44 19 27 R
b50 287 352 R
b43 304 185 R
b16 161 40 R
b51 248 479 R
b49 66 64
b31 19 342 R
b53 174 141 R
b54 305 472 R
b56 270 352
b30 319 579
b12 104 291 R
b58 80 395
b93 141 337 R
b59 263 136 R