A = 415667
R = 1.66934
b199 366 0 R
b196 67 432
b195 422 0 R
b194 422 151
b191 663 184 R
b190 285 131 R
b189 802 127
b188 530 33
b187 663 248 R
b200 590 65 R
b186 77 346 R
b184 275 194 R
b183 614 361
b181 289 116 R
b177 190 316 R
b176 252 113
b198 359 173
b173 190 374
b172 128 238 R
b167 381 258 R
b164 590 101 R
b162 116 228 R
b161 77 174
b160 556 357 R
b163 221 129
b159 41 152 R
b158 394 241
b157 148 196 R
b156 359 69 R
b152 173 102 R
b148 135 171
b147 663 75 R
b149 189 203 R
b146 458 0 R
b141 142 374 R
b140 530 111 R
b178 104 77 R
b139 635 0
b138 67 359
b137 511 236 R
b134 763 49
b130 142 296 R
b129 566 0
b59 289 70 R
b154 662 31
b93 235 309
b136 300 194 R
b58 173 37 R
b12 135 135 R
b30 511 159 R
b56 694 75
b54 187 396 R
b151 240 330 R
b53 28 467 R
b31 153 238
b49 335 13 R
b51 498 0
b16 699 413 R
b43 235 275
b50 422 84 R
b44 452 369 R
b113 775 99
b65 457 312 R
b39 590 146
b38 458 33
b6 590 212 R
b23 458 59
b82 386 441 R
b34 192 165
b37 359 53 R
b69 116 97
b42 221 330
b168 651 361 R
b33 444 276
b46 566 342
b9 359 305
b96 617 84 R
b132 405 403 R
b98 214 206
b182 700 184 R
b2 359 132 R
b73 135 37 R
b20 67 381 R
b47 663 270 R
b86 590 188 R
b126 530 73 R
b135 617 109
b22 116 269
b116 153 254
b25 530 123
b11 728 183
b26 594 285 R
b1 606 65 R
b3 728 283 R
b104 86 138 R
b142 359 339
b32 0 21
b8 23 484
b7 0 0
b21 142 399 R
b133 606 328 R
b10 41 120
b107 41 209 R
b14 713 216
b185 319 409 R
b48 687 248
b45 252 65 R
b29 405 296
b41 728 243
b71 221 31
b57 694 136
b55 690 431
b18 530 0
b175 620 146
b145 463 117
b27 763 65 R
b128 694 100 R
b100 417 296
b170 663 226 R
b5 221 0
b165 41 87
b61 252 79
b125 752 0
b60 422 241
b64 394 194 R
b62 230 206 R
b121 28 0
b169 566 241 R
b68 728 219
b80 530 19 R
b97 713 155
b70 658 398 R
b144 71 28 R
b81 620 158 R
b72 267 330 R
b74 464 84 R
b15 711 368 R
b85 173 0
b155 687 274
b36 511 176
b4 211 243
b75 57 409 R
b94 713 321 R
b63 289 0
b111 28 87 R
b76 594 328 R
b40 422 117 R
b99 135 0 R
b77 359 385 R
b106 142 340 R
b174 728 301
b95 181 452
b78 267 168 R
b79 511 48
b197 529 369 R
b83 511 416 R
b150 335 0 R
b28 96 308
b117 753 344 R
b24 177 135 R
b84 765 301 R
b19 192 135 R
b87 590 46
b166 753 301 R
b52 633 324
b88 394 88
b89 289 35
b91 359 88 R
b192 60 0
b112 173 56
b13 511 188 R
b92 71 53
b153 744 243 R
b101 417 321
b102 395 258
b66 659 293
b103 116 196 R
b105 221 65 R
b193 28 45 R
b179 190 275
b143 614 398 R
b115 86 101 R
b17 41 176 R
b108 713 183 R
b180 763 28
b110 640 158 R
b124 181 439 R
b109 177 160
b131 620 190 R
b114 713 136
b90 566 46 R
b118 28 432
b119 335 53
b120 614 226 R
b67 603 241 R
b127 82 77 R
b171 417 369
b35 618 328
b122 221 176
b123 498 48