A = 642333
R = 0.511151
b300 16 44
b299 28 506 R
b298 76 591 R
b296 459 649 R
b295 28 548 R
b294 152 340 R
b293 129 779
b292 380 624 R
b290 392 36
b288 365 664
b287 60 111 R
b286 480 917
b285 420 228
b282 276 305
b281 420 298
b280 16 134
b279 309 381
b278 165 665 R
b277 470 503 R
b276 198 678 R
b275 392 110 R
b274 480 24
b271 396 717
b270 45 111 R
b268 462 618
b291 427 503 R
b267 396 832
b266 264 381
b263 483 276 R
b261 71 170
b260 264 294 R
b258 98 557
b123 315 191
b256 147 300
b122 172 856
b35 438 754 R
b127 419 624 R
b67 0 0 R
b119 472 976
b118 267 108
b90 71 215
b131 28 461
b109 483 576 R
b124 396 549
b110 83 170 R
b180 230 36 R
b242 419 649 R
b108 92 734
b273 160 251
b17 103 291
b179 219 666 R
b103 103 868
b66 438 917
b101 61 861 R
b153 464 804
b13 274 429 R
b112 62 436
b192 420 375
b91 207 487
b89 266 533 R
b52 45 938
b92 268 191 R
b166 92 772
b208 480 75
b87 287 146 R
b117 0 1098
b28 16 326 R
b283 75 1006 R
b150 365 549 R
b197 234 579
b79 250 462
b78 435 320
b102 419 671
b95 82 28 R
b106 480 95
b99 447 172 R
b63 160 0 R
b75 230 450
b4 491 428 R
b297 165 634
b36 255 146
b155 16 59
b264 420 352
b85 230 251
b15 271 572
b76 381 796
b223 76 461
b74 365 584
b72 255 176
b248 93 107
b81 121 668 R
b144 352 700 R
b171 392 132
b70 207 508
b259 501 379 R
b97 267 93
b80 420 316 R
b68 433 228
b169 480 0 R
b62 391 503 R
b64 43 44 R
b105 82 72 R
b226 138 591
b60 420 154 R
b289 396 759
b125 276 335 R
b272 464 754 R
b255 45 891 R
b61 451 1040
b174 271 682
b40 504 958
b165 203 390 R
b5 438 1024 R
b170 307 0 R
b100 508 175 R
b128 420 110 R
b27 492 120
b175 207 448
b41 438 711
b29 84 976
b45 207 596
b48 522 50
b185 365 0
b234 447 154
b121 255 55
b14 230 429
b107 271 553
b10 499 658 R
b143 230 55 R
b133 84 933
b21 33 0
b205 231 626
b7 16 77 R
b8 246 746
b3 0 891 R
b1 197 745
b26 144 313 R
b219 500 1024
b25 117 209 R
b116 438 1005
b22 47 275
b135 553 117 R
b126 80 1043
b83 98 455 R
b210 508 219 R
b47 464 877
b20 396 871
b2 365 34 R
b182 250 487 R
b98 147 265
b96 371 888
b46 234 607 R
b33 76 625
b235 16 304 R
b42 71 671
b37 352 746 R
b34 82 819
b82 245 782 R
b262 99 938 R
b55 464 778 R
b6 92 696 R
b269 422 423 R
b38 245 821
b216 84 891 R
b39 522 37
b65 255 191
b23 513 379
b233 0 41
b113 264 270
b247 206 0 R
b44 47 153 R
b50 352 857
b43 430 1040 R
b142 103 374 R
b16 47 696
b49 112 533 R
b251 438 962 R
b31 139 446 R
b53 255 93 R
b151 396 741 R
b56 459 665 R
b30 424 469
b12 18 912 R
b225 18 1026 R
b88 352 717 R
b77 486 618 R
b58 476 403 R
b136 255 214 R
b93 267 236 R
b154 71 153
b86 41 780 R
b227 103 361 R
b59 269 746
b129 116 591 R
b130 117 265
b134 444 469 R
b94 500 1005
b137 479 834
b139 93 1006
b178 392 700 R
b265 178 375
b245 465 379
b51 98 533
b140 207 621
b141 92 436 R
b11 56 1039 R
b132 18 1080 R
b69 45 956 R
b146 198 712
b149 461 254
b147 480 45 R
b148 472 1021 R
b213 472 962
b215 449 403 R
b238 117 238 R
b111 178 281
b152 253 666 R
b156 250 532 R
b284 483 555
b120 430 1085
b157 137 421
b224 462 562 R
b158 300 270 R
b232 531 574
b211 391 491
b159 510 323
b163 450 298
b254 47 526
b160 0 14 R
b212 41 738
b218 464 834 R
b19 71 239 R
b24 0 912
b161 392 63
b162 175 357
b84 291 236 R
b164 41 819 R
b217 104 401 R
b236 483 323
b138 166 876
b167 440 432
b172 165 607 R
b71 165 708 R
b173 231 641 R
b222 246 712 R
b198 303 553
b176 522 84 R
b177 62 304
b181 82 831 R
b73 274 487
b183 126 798 R
b184 513 515
b186 391 460 R
b187 392 0 R
b9 352 832
b168 438 730 R
b188 126 831 R
b32 28 526
b202 531 540 R
b189 300 293
b18 121 625 R
b200 129 742
b190 203 411 R
b231 392 423 R
b194 156 238
b195 385 921 R
b196 98 492
b257 483 362 R
b193 103 328 R
b230 165 678 R
b199 307 29
b201 500 834 R
b203 499 160 R
b204 352 921 R
b206 62 401
b207 61 0
b209 16 855
b54 45 992
b214 207 579 R
b229 197 761 R
b145 507 75
b244 56 1026
b221 352 0
b220 522 0
b228 41 506
b237 408 584
b115 433 276
b239 483 515 R
b240 252 607
b241 475 172 R
b114 137 904 R
b243 45 77
b246 172 833 R
b57 172 785
b249 420 193 R
b250 429 531 R
b104 461 212 R
b252 223 560 R
b191 380 648 R
b253 365 618